19-Nov-2022 16:59:14.289 INFO [main] org.apache.catalina.startup.VersionLoggerListener.log Nombre de la versión del servidor: Apache Tomcat/10.1.2
19-Nov-2022 16:59:14.294 INFO [main] org.apache.catalina.startup.VersionLoggerListener.log Server built:                      Nov 9 2022 15:47:04 UTC
19-Nov-2022 16:59:14.295 INFO [main] org.apache.catalina.startup.VersionLoggerListener.log Número de versión de servidor:     10.1.2.0
19-Nov-2022 16:59:14.295 INFO [main] org.apache.catalina.startup.VersionLoggerListener.log OS Name:                           Mac OS X
19-Nov-2022 16:59:14.296 INFO [main] org.apache.catalina.startup.VersionLoggerListener.log Versión de Systema Operativo:      12.6
19-Nov-2022 16:59:14.296 INFO [main] org.apache.catalina.startup.VersionLoggerListener.log Arquitectura:                      x86_64
19-Nov-2022 16:59:14.296 INFO [main] org.apache.catalina.startup.VersionLoggerListener.log Java Home:                         /Users/imaccrezcamos/Library/Java/JavaVirtualMachines/openjdk-19.0.1/Contents/Home
19-Nov-2022 16:59:14.296 INFO [main] org.apache.catalina.startup.VersionLoggerListener.log JVM Version:                       19.0.1+10-21
19-Nov-2022 16:59:14.297 INFO [main] org.apache.catalina.startup.VersionLoggerListener.log Vededor JVM:                       Oracle Corporation
19-Nov-2022 16:59:14.297 INFO [main] org.apache.catalina.startup.VersionLoggerListener.log CATALINA_BASE:                     /Users/imaccrezcamos/IdeaProjects/UDEMY-aguzman-JakartaEE/apache-tomcat-10.1.2
19-Nov-2022 16:59:14.297 INFO [main] org.apache.catalina.startup.VersionLoggerListener.log CATALINA_HOME:                     /Users/imaccrezcamos/IdeaProjects/UDEMY-aguzman-JakartaEE/apache-tomcat-10.1.2
19-Nov-2022 16:59:14.340 INFO [main] org.apache.catalina.startup.VersionLoggerListener.log Command line argument:             -Djava.util.logging.config.file=/Users/imaccrezcamos/IdeaProjects/UDEMY-aguzman-JakartaEE/apache-tomcat-10.1.2/conf/logging.properties
19-Nov-2022 16:59:14.340 INFO [main] org.apache.catalina.startup.VersionLoggerListener.log Command line argument:             -Djava.util.logging.manager=org.apache.juli.ClassLoaderLogManager
19-Nov-2022 16:59:14.340 INFO [main] org.apache.catalina.startup.VersionLoggerListener.log Command line argument:             -Djdk.tls.ephemeralDHKeySize=2048
19-Nov-2022 16:59:14.341 INFO [main] org.apache.catalina.startup.VersionLoggerListener.log Command line argument:             -Djava.protocol.handler.pkgs=org.apache.catalina.webresources
19-Nov-2022 16:59:14.341 INFO [main] org.apache.catalina.startup.VersionLoggerListener.log Command line argument:             -Dorg.apache.catalina.security.SecurityListener.UMASK=0027
19-Nov-2022 16:59:14.341 INFO [main] org.apache.catalina.startup.VersionLoggerListener.log Command line argument:             --add-opens=java.base/java.lang=ALL-UNNAMED
19-Nov-2022 16:59:14.341 INFO [main] org.apache.catalina.startup.VersionLoggerListener.log Command line argument:             --add-opens=java.base/java.io=ALL-UNNAMED
19-Nov-2022 16:59:14.341 INFO [main] org.apache.catalina.startup.VersionLoggerListener.log Command line argument:             --add-opens=java.base/java.util=ALL-UNNAMED
19-Nov-2022 16:59:14.341 INFO [main] org.apache.catalina.startup.VersionLoggerListener.log Command line argument:             --add-opens=java.base/java.util.concurrent=ALL-UNNAMED
19-Nov-2022 16:59:14.341 INFO [main] org.apache.catalina.startup.VersionLoggerListener.log Command line argument:             --add-opens=java.rmi/sun.rmi.transport=ALL-UNNAMED
19-Nov-2022 16:59:14.341 INFO [main] org.apache.catalina.startup.VersionLoggerListener.log Command line argument:             -Dcatalina.base=/Users/imaccrezcamos/IdeaProjects/UDEMY-aguzman-JakartaEE/apache-tomcat-10.1.2
19-Nov-2022 16:59:14.341 INFO [main] org.apache.catalina.startup.VersionLoggerListener.log Command line argument:             -Dcatalina.home=/Users/imaccrezcamos/IdeaProjects/UDEMY-aguzman-JakartaEE/apache-tomcat-10.1.2
19-Nov-2022 16:59:14.341 INFO [main] org.apache.catalina.startup.VersionLoggerListener.log Command line argument:             -Djava.io.tmpdir=/Users/imaccrezcamos/IdeaProjects/UDEMY-aguzman-JakartaEE/apache-tomcat-10.1.2/temp
19-Nov-2022 16:59:14.351 INFO [main] org.apache.catalina.core.AprLifecycleListener.lifecycleEvent La biblioteca nativa de Apache Tomcat basada en ARP que permite un rendimiento óptimo en entornos de desarrollo no ha sido hallada en java.library.path: [/Users/imaccrezcamos/Library/Java/Extensions:/Library/Java/Extensions:/Network/Library/Java/Extensions:/System/Library/Java/Extensions:/usr/lib/java:.]
19-Nov-2022 16:59:14.899 INFO [main] org.apache.coyote.AbstractProtocol.init Inicializando el manejador de protocolo ["http-nio-8080"]

19-Nov-2022 16:59:14.936 INFO [main] org.apache.catalina.startup.Catalina.load Server initialization in [970] milliseconds
19-Nov-2022 16:59:14.983 INFO [main] org.apache.catalina.core.StandardService.startInternal Arrancando servicio [Catalina]
19-Nov-2022 16:59:14.983 INFO [main] org.apache.catalina.core.StandardEngine.startInternal Starting Servlet engine: [Apache Tomcat/10.1.2]
19-Nov-2022 16:59:14.993 INFO [main] org.apache.catalina.startup.HostConfig.deployDirectory Desplegando el directorio [/Users/imaccrezcamos/IdeaProjects/UDEMY-aguzman-JakartaEE/apache-tomcat-10.1.2/webapps/docs] de la aplicación web
19-Nov-2022 16:59:15.292 INFO [main] org.apache.catalina.startup.HostConfig.deployDirectory Deployment of web application directory [/Users/imaccrezcamos/IdeaProjects/UDEMY-aguzman-JakartaEE/apache-tomcat-10.1.2/webapps/docs] has finished in [296] ms
19-Nov-2022 16:59:15.292 INFO [main] org.apache.catalina.startup.HostConfig.deployDirectory Desplegando el directorio [/Users/imaccrezcamos/IdeaProjects/UDEMY-aguzman-JakartaEE/apache-tomcat-10.1.2/webapps/manager] de la aplicación web
19-Nov-2022 16:59:15.335 INFO [main] org.apache.catalina.startup.HostConfig.deployDirectory Deployment of web application directory [/Users/imaccrezcamos/IdeaProjects/UDEMY-aguzman-JakartaEE/apache-tomcat-10.1.2/webapps/manager] has finished in [43] ms
19-Nov-2022 16:59:15.336 INFO [main] org.apache.catalina.startup.HostConfig.deployDirectory Desplegando el directorio [/Users/imaccrezcamos/IdeaProjects/UDEMY-aguzman-JakartaEE/apache-tomcat-10.1.2/webapps/examples] de la aplicación web
19-Nov-2022 16:59:15.605 INFO [main] org.apache.catalina.startup.HostConfig.deployDirectory Deployment of web application directory [/Users/imaccrezcamos/IdeaProjects/UDEMY-aguzman-JakartaEE/apache-tomcat-10.1.2/webapps/examples] has finished in [268] ms
19-Nov-2022 16:59:15.605 INFO [main] org.apache.catalina.startup.HostConfig.deployDirectory Desplegando el directorio [/Users/imaccrezcamos/IdeaProjects/UDEMY-aguzman-JakartaEE/apache-tomcat-10.1.2/webapps/ROOT] de la aplicación web
19-Nov-2022 16:59:15.620 INFO [main] org.apache.catalina.startup.HostConfig.deployDirectory Deployment of web application directory [/Users/imaccrezcamos/IdeaProjects/UDEMY-aguzman-JakartaEE/apache-tomcat-10.1.2/webapps/ROOT] has finished in [15] ms
19-Nov-2022 16:59:15.621 INFO [main] org.apache.catalina.startup.HostConfig.deployDirectory Desplegando el directorio [/Users/imaccrezcamos/IdeaProjects/UDEMY-aguzman-JakartaEE/apache-tomcat-10.1.2/webapps/host-manager] de la aplicación web
19-Nov-2022 16:59:15.641 INFO [main] org.apache.catalina.startup.HostConfig.deployDirectory Deployment of web application directory [/Users/imaccrezcamos/IdeaProjects/UDEMY-aguzman-JakartaEE/apache-tomcat-10.1.2/webapps/host-manager] has finished in [20] ms
19-Nov-2022 16:59:15.644 INFO [main] org.apache.coyote.AbstractProtocol.start Starting ProtocolHandler ["http-nio-8080"]
19-Nov-2022 16:59:15.661 INFO [main] org.apache.catalina.startup.Catalina.start Server startup in [723] milliseconds
19-Nov-2022 17:04:50.461 INFO [http-nio-8080-exec-1] org.apache.catalina.startup.HostConfig.deployWAR Despliegue del archivo [/Users/imaccrezcamos/IdeaProjects/UDEMY-aguzman-JakartaEE/apache-tomcat-10.1.2/webapps/webapp.war] de la aplicación web
19-Nov-2022 17:04:50.515 INFO [http-nio-8080-exec-1] org.apache.catalina.startup.HostConfig.deployWAR Deployment of web application archive [/Users/imaccrezcamos/IdeaProjects/UDEMY-aguzman-JakartaEE/apache-tomcat-10.1.2/webapps/webapp.war] has finished in [55] ms
19-Nov-2022 20:36:10.781 INFO [http-nio-8080-exec-3] org.apache.catalina.startup.HostConfig.undeploy Repliegue (undeploy) de la aplicación web que tiene como trayectoria de contexto [/webapp]
19-Nov-2022 20:36:10.824 INFO [http-nio-8080-exec-3] org.apache.catalina.startup.HostConfig.deployWAR Despliegue del archivo [/Users/imaccrezcamos/IdeaProjects/UDEMY-aguzman-JakartaEE/apache-tomcat-10.1.2/webapps/webapp.war] de la aplicación web
19-Nov-2022 20:36:10.876 INFO [http-nio-8080-exec-3] org.apache.catalina.startup.HostConfig.deployWAR Deployment of web application archive [/Users/imaccrezcamos/IdeaProjects/UDEMY-aguzman-JakartaEE/apache-tomcat-10.1.2/webapps/webapp.war] has finished in [51] ms
